-------------------------------------------------------------------------------
Test set: apiTests.UserEndPointTest
-------------------------------------------------------------------------------
Tests run: 1, Failures: 0, Errors: 1, Skipped: 0, Time elapsed: 0.528 sec <<< FAILURE!
initializationError(apiTests.UserEndPointTest)  Time elapsed: 0.01 sec  <<< ERROR!
com.google.common.util.concurrent.ExecutionError: java.lang.ExceptionInInitializerError
	at com.google.common.cache.LocalCache$Segment.get(LocalCache.java:2216)
	at com.google.common.cache.LocalCache.get(LocalCache.java:4147)
	at com.google.common.cache.LocalCache.getOrLoad(LocalCache.java:4151)
	at com.google.common.cache.LocalCache$LocalLoadingCache.get(LocalCache.java:5140)
	at com.google.common.cache.LocalCache$LocalLoadingCache.getUnchecked(LocalCache.java:5146)
	at com.google.inject.internal.FailableCache.get(FailableCache.java:48)
	at com.google.inject.internal.ConstructorInjectorStore.get(ConstructorInjectorStore.java:50)
	at com.google.inject.internal.ConstructorBindingImpl.initialize(ConstructorBindingImpl.java:136)
	at com.google.inject.internal.InjectorImpl.initializeJitBinding(InjectorImpl.java:547)
	at com.google.inject.internal.InjectorImpl.createJustInTimeBinding(InjectorImpl.java:884)
	at com.google.inject.internal.InjectorImpl.createJustInTimeBindingRecursive(InjectorImpl.java:805)
	at com.google.inject.internal.InjectorImpl.getJustInTimeBinding(InjectorImpl.java:282)
	at com.google.inject.internal.InjectorImpl.getBindingOrThrow(InjectorImpl.java:214)
	at com.google.inject.internal.InjectorImpl.getInternalFactory(InjectorImpl.java:890)
	at com.google.inject.internal.FactoryProxy.notify(FactoryProxy.java:46)
	at com.google.inject.internal.ProcessedBindingData.runCreationListeners(ProcessedBindingData.java:50)
	at com.google.inject.internal.InternalInjectorCreator.initializeStatically(InternalInjectorCreator.java:134)
	at com.google.inject.internal.InternalInjectorCreator.build(InternalInjectorCreator.java:107)
	at com.google.inject.Guice.createInjector(Guice.java:96)
	at com.google.inject.Guice.createInjector(Guice.java:73)
	at com.google.inject.Guice.createInjector(Guice.java:62)
	at org.jsmart.zerocode.core.runner.ZeroCodeUnitRunner.getMainModuleInjector(ZeroCodeUnitRunner.java:162)
	at org.jsmart.zerocode.core.runner.ZeroCodeUnitRunner.getInjectedSmartUtilsClass(ZeroCodeUnitRunner.java:201)
	at org.jsmart.zerocode.core.runner.ZeroCodeUnitRunner.<init>(ZeroCodeUnitRunner.java:80)
	at java.base/jdk.internal.reflect.NativeConstructorAccessorImpl.newInstance0(Native Method)
	at java.base/jdk.internal.reflect.NativeConstructorAccessorImpl.newInstance(NativeConstructorAccessorImpl.java:78)
	at java.base/jdk.internal.reflect.DelegatingConstructorAccessorImpl.newInstance(DelegatingConstructorAccessorImpl.java:45)
	at java.base/java.lang.reflect.Constructor.newInstanceWithCaller(Constructor.java:499)
	at java.base/java.lang.reflect.Constructor.newInstance(Constructor.java:480)
	at org.junit.internal.builders.AnnotatedBuilder.buildRunner(AnnotatedBuilder.java:104)
	at org.junit.internal.builders.AnnotatedBuilder.runnerForClass(AnnotatedBuilder.java:86)
	at org.junit.runners.model.RunnerBuilder.safeRunnerForClass(RunnerBuilder.java:59)
	at org.junit.internal.builders.AllDefaultPossibilitiesBuilder.runnerForClass(AllDefaultPossibilitiesBuilder.java:26)
	at org.junit.runners.model.RunnerBuilder.safeRunnerForClass(RunnerBuilder.java:59)
	at org.junit.internal.requests.ClassRequest.getRunner(ClassRequest.java:33)
	at org.apache.maven.surefire.junit4.JUnit4Provider.execute(JUnit4Provider.java:250)
	at org.apache.maven.surefire.junit4.JUnit4Provider.executeTestSet(JUnit4Provider.java:141)
	at org.apache.maven.surefire.junit4.JUnit4Provider.invoke(JUnit4Provider.java:112)
	at java.base/jdk.internal.reflect.NativeMethodAccessorImpl.invoke0(Native Method)
	at java.base/jdk.internal.reflect.NativeMethodAccessorImpl.invoke(NativeMethodAccessorImpl.java:78)
	at java.base/jdk.internal.reflect.DelegatingMethodAccessorImpl.invoke(DelegatingMethodAccessorImpl.java:43)
	at java.base/java.lang.reflect.Method.invoke(Method.java:567)
	at org.apache.maven.surefire.util.ReflectionUtils.invokeMethodWithArray(ReflectionUtils.java:189)
	at org.apache.maven.surefire.booter.ProviderFactory$ProviderProxy.invoke(ProviderFactory.java:165)
	at org.apache.maven.surefire.booter.ProviderFactory.invokeProvider(ProviderFactory.java:85)
	at org.apache.maven.surefire.booter.ForkedBooter.runSuitesInProcess(ForkedBooter.java:115)
	at org.apache.maven.surefire.booter.ForkedBooter.main(ForkedBooter.java:75)
Caused by: java.lang.ExceptionInInitializerError
	at com.google.inject.internal.cglib.reflect.$FastClassEmitter.<init>(FastClassEmitter.java:67)
	at com.google.inject.internal.cglib.reflect.$FastClass$Generator.generateClass(FastClass.java:72)
	at com.google.inject.internal.cglib.core.$DefaultGeneratorStrategy.generate(DefaultGeneratorStrategy.java:25)
	at com.google.inject.internal.cglib.core.$AbstractClassGenerator.create(AbstractClassGenerator.java:216)
	at com.google.inject.internal.cglib.reflect.$FastClass$Generator.create(FastClass.java:64)
	at com.google.inject.internal.BytecodeGen.newFastClass(BytecodeGen.java:204)
	at com.google.inject.internal.DefaultConstructionProxyFactory.create(DefaultConstructionProxyFactory.java:54)
	at com.google.inject.internal.ProxyFactory.create(ProxyFactory.java:159)
	at com.google.inject.internal.ConstructorInjectorStore.createConstructor(ConstructorInjectorStore.java:90)
	at com.google.inject.internal.ConstructorInjectorStore.access$000(ConstructorInjectorStore.java:29)
	at com.google.inject.internal.ConstructorInjectorStore$1.create(ConstructorInjectorStore.java:37)
	at com.google.inject.internal.ConstructorInjectorStore$1.create(ConstructorInjectorStore.java:33)
	at com.google.inject.internal.FailableCache$1.load(FailableCache.java:37)
	at com.google.common.cache.LocalCache$LoadingValueReference.loadFuture(LocalCache.java:3708)
	at com.google.common.cache.LocalCache$Segment.loadSync(LocalCache.java:2416)
	at com.google.common.cache.LocalCache$Segment.lockedGetOrLoad(LocalCache.java:2299)
	at com.google.common.cache.LocalCache$Segment.get(LocalCache.java:2212)
	... 46 more
Caused by: java.lang.reflect.InaccessibleObjectException: Unable to make protected final java.lang.Class java.lang.ClassLoader.defineClass(java.lang.String,byte[],int,int,java.security.ProtectionDomain) throws java.lang.ClassFormatError accessible: module java.base does not "opens java.lang" to unnamed module @eec5a4a
	at java.base/java.lang.reflect.AccessibleObject.checkCanSetAccessible(AccessibleObject.java:357)
	at java.base/java.lang.reflect.AccessibleObject.checkCanSetAccessible(AccessibleObject.java:297)
	at java.base/java.lang.reflect.Method.checkCanSetAccessible(Method.java:199)
	at java.base/java.lang.reflect.Method.setAccessible(Method.java:193)
	at com.google.inject.internal.cglib.core.$ReflectUtils$2.run(ReflectUtils.java:56)
	at java.base/java.security.AccessController.doPrivileged(AccessController.java:312)
	at com.google.inject.internal.cglib.core.$ReflectUtils.<clinit>(ReflectUtils.java:46)
	... 63 more

